0 verbose cli /usr/local/bin/node /Users/kylekusche/.npm-global/lib/node_modules/npm/bin/npm-cli.js
1 info using npm@11.6.2
2 info using node@v22.18.0
3 silly config load:file:/Users/kylekusche/.npm-global/lib/node_modules/npm/npmrc
4 silly config load:file:/Users/kylekusche/Developer/Teamsters+transpo/.npmrc
5 silly config load:file:/Users/kylekusche/.npmrc
6 silly config load:file:/Users/kylekusche/.npm-global/etc/npmrc
7 verbose title npm exec create-next-app@latest . --typescript --tailwind --eslint --app --src-dir=false --import-alias=@/* --no-git --yes
8 verbose argv "exec" "--" "create-next-app@latest" "." "--typescript" "--tailwind" "--eslint" "--app" "--src-dir=false" "--import-alias=@/*" "--no-git" "--yes"
9 verbose logfile logs-max:10 dir:/Users/kylekusche/Developer/Teamsters+transpo/.npm-cache/_logs/2026-03-17T17_21_43_971Z-
10 verbose logfile /Users/kylekusche/Developer/Teamsters+transpo/.npm-cache/_logs/2026-03-17T17_21_43_971Z-debug-0.log
11 silly logfile done cleaning log files
12 silly packumentCache heap:4345298944 maxSize:1086324736 maxEntrySize:543162368
13 http fetch GET 200 https://registry.npmjs.org/npm 253ms
14 http fetch GET 200 https://registry.npmjs.org/create-next-app 277ms (cache miss)
15 silly packumentCache heap:4345298944 maxSize:1086324736 maxEntrySize:543162368
16 silly packumentCache heap:4345298944 maxSize:1086324736 maxEntrySize:543162368
17 warn exec The following package was not found and will be installed: create-next-app@16.1.7
18 silly idealTree buildDeps
19 silly fetch manifest create-next-app@16.1.7
20 silly packumentCache full:https://registry.npmjs.org/create-next-app cache-miss
21 http fetch GET 200 https://registry.npmjs.org/create-next-app 183ms (cache miss)
22 silly packumentCache full:https://registry.npmjs.org/create-next-app set size:undefined disposed:false
23 silly placeDep ROOT create-next-app@16.1.7 OK for:  want: 16.1.7
24 silly reify moves {}
25 silly audit bulk request { 'create-next-app': [ '16.1.7' ] }
26 http cache create-next-app@https://registry.npmjs.org/create-next-app/-/create-next-app-16.1.7.tgz 0ms (cache hit)
27 silly tarball no local data for create-next-app@https://registry.npmjs.org/create-next-app/-/create-next-app-16.1.7.tgz. Extracting by manifest.
28 http fetch GET 200 https://registry.npmjs.org/create-next-app/-/create-next-app-16.1.7.tgz 82ms (cache miss)
29 http fetch POST 200 https://registry.npmjs.org/-/npm/v1/security/advisories/bulk 125ms
30 silly audit report {}
31 verbose cwd /Users/kylekusche/Developer/Teamsters+transpo
32 verbose os Darwin 25.2.0
33 verbose node v22.18.0
34 verbose npm  v11.6.2
35 notice
35 notice New minor version of npm available! 11.6.2 -> 11.11.1
35 notice Changelog: https://github.com/npm/cli/releases/tag/v11.11.1
35 notice To update run: npm install -g npm@11.11.1
35 notice  { force: true, [Symbol(proc-log.meta)]: true }
36 verbose exit 1
37 verbose code 1
